CRITICAL - 2024-02-13 21:05:38 --> BadMethodCallException: Call to undefined method App\Models\ClimaModel::getAll
in SYSTEMPATH/Model.php on line 874.
 1 APPPATH/Controllers/ClimaController.php(16): CodeIgniter\Model->__call('getAll', [])
 2 SYSTEMPATH/CodeIgniter.php(941): App\Controllers\ClimaController->getClima()
 3 SYSTEMPATH/CodeIgniter.php(502): CodeIgniter\CodeIgniter->runController(Object(App\Controllers\ClimaController))
 4 SYSTEMPATH/CodeIgniter.php(361): CodeIgniter\CodeIgniter->handleRequest(null, Object(Config\Cache), false)
 5 FCPATH/index.php(79): CodeIgniter\CodeIgniter->run()
 6 SYSTEMPATH/Commands/Server/rewrite.php(47): require_once('/Users/emmanuel/Desktop/PrograAvanzada/public/index.php')
ERROR - 2024-02-13 21:05:52 --> Error connecting to the database: mysqli_sql_exception: No such file or directory in /Users/emmanuel/Desktop/PrograAvanzada/system/Database/MySQLi/Connection.php:185
Stack trace:
#0 /Users/emmanuel/Desktop/PrograAvanzada/system/Database/MySQLi/Connection.php(185): mysqli->real_connect('localhost', 'root', '', 'pa', 3306, '', 0)
#1 /Users/emmanuel/Desktop/PrograAvanzada/system/Database/BaseConnection.php(392): CodeIgniter\Database\MySQLi\Connection->connect(false)
#2 /Users/emmanuel/Desktop/PrograAvanzada/system/Database/BaseConnection.php(575): CodeIgniter\Database\BaseConnection->initialize()
#3 /Users/emmanuel/Desktop/PrograAvanzada/system/Database/BaseBuilder.php(1616): CodeIgniter\Database\BaseConnection->query('SELECT *\nFROM `...', Array, false)
#4 /Users/emmanuel/Desktop/PrograAvanzada/system/Model.php(242): CodeIgniter\Database\BaseBuilder->get()
#5 /Users/emmanuel/Desktop/PrograAvanzada/system/BaseModel.php(638): CodeIgniter\Model->doFindAll(0, 0)
#6 /Users/emmanuel/Desktop/PrograAvanzada/app/Controllers/ClimaController.php(16): CodeIgniter\BaseModel->findAll()
#7 /Users/emmanuel/Desktop/PrograAvanzada/system/CodeIgniter.php(941): App\Controllers\ClimaController->getClima()
#8 /Users/emmanuel/Desktop/PrograAvanzada/system/CodeIgniter.php(502): CodeIgniter\CodeIgniter->runController(Object(App\Controllers\ClimaController))
#9 /Users/emmanuel/Desktop/PrograAvanzada/system/CodeIgniter.php(361): CodeIgniter\CodeIgniter->handleRequest(NULL, Object(Config\Cache), false)
#10 /Users/emmanuel/Desktop/PrograAvanzada/public/index.php(79): CodeIgniter\CodeIgniter->run()
#11 /Users/emmanuel/Desktop/PrograAvanzada/system/Commands/Server/rewrite.php(47): require_once('/Users/emmanuel...')
#12 {main}

Next CodeIgniter\Database\Exceptions\DatabaseException: No such file or directory in /Users/emmanuel/Desktop/PrograAvanzada/system/Database/MySQLi/Connection.php:229
Stack trace:
#0 /Users/emmanuel/Desktop/PrograAvanzada/system/Database/BaseConnection.php(392): CodeIgniter\Database\MySQLi\Connection->connect(false)
#1 /Users/emmanuel/Desktop/PrograAvanzada/system/Database/BaseConnection.php(575): CodeIgniter\Database\BaseConnection->initialize()
#2 /Users/emmanuel/Desktop/PrograAvanzada/system/Database/BaseBuilder.php(1616): CodeIgniter\Database\BaseConnection->query('SELECT *\nFROM `...', Array, false)
#3 /Users/emmanuel/Desktop/PrograAvanzada/system/Model.php(242): CodeIgniter\Database\BaseBuilder->get()
#4 /Users/emmanuel/Desktop/PrograAvanzada/system/BaseModel.php(638): CodeIgniter\Model->doFindAll(0, 0)
#5 /Users/emmanuel/Desktop/PrograAvanzada/app/Controllers/ClimaController.php(16): CodeIgniter\BaseModel->findAll()
#6 /Users/emmanuel/Desktop/PrograAvanzada/system/CodeIgniter.php(941): App\Controllers\ClimaController->getClima()
#7 /Users/emmanuel/Desktop/PrograAvanzada/system/CodeIgniter.php(502): CodeIgniter\CodeIgniter->runController(Object(App\Controllers\ClimaController))
#8 /Users/emmanuel/Desktop/PrograAvanzada/system/CodeIgniter.php(361): CodeIgniter\CodeIgniter->handleRequest(NULL, Object(Config\Cache), false)
#9 /Users/emmanuel/Desktop/PrograAvanzada/public/index.php(79): CodeIgniter\CodeIgniter->run()
#10 /Users/emmanuel/Desktop/PrograAvanzada/system/Commands/Server/rewrite.php(47): require_once('/Users/emmanuel...')
#11 {main}
CRITICAL - 2024-02-13 21:05:52 --> CodeIgniter\Database\Exceptions\DatabaseException: Unable to connect to the database.
Main connection [MySQLi]: No such file or directory
in SYSTEMPATH/Database/BaseConnection.php on line 428.
 1 SYSTEMPATH/Database/BaseConnection.php(575): CodeIgniter\Database\BaseConnection->initialize()
 2 SYSTEMPATH/Database/BaseBuilder.php(1616): CodeIgniter\Database\BaseConnection->query('SELECT *
FROM `Clima`', [], false)
 3 SYSTEMPATH/Model.php(242): CodeIgniter\Database\BaseBuilder->get()
 4 SYSTEMPATH/BaseModel.php(638): CodeIgniter\Model->doFindAll(0, 0)
 5 APPPATH/Controllers/ClimaController.php(16): CodeIgniter\BaseModel->findAll()
 6 SYSTEMPATH/CodeIgniter.php(941): App\Controllers\ClimaController->getClima()
 7 SYSTEMPATH/CodeIgniter.php(502): CodeIgniter\CodeIgniter->runController(Object(App\Controllers\ClimaController))
 8 SYSTEMPATH/CodeIgniter.php(361): CodeIgniter\CodeIgniter->handleRequest(null, Object(Config\Cache), false)
 9 FCPATH/index.php(79): CodeIgniter\CodeIgniter->run()
10 SYSTEMPATH/Commands/Server/rewrite.php(47): require_once('/Users/emmanuel/Desktop/PrograAvanzada/public/index.php')
ERROR - 2024-02-13 21:07:50 --> Error connecting to the database: mysqli_sql_exception: No such file or directory in /Users/emmanuel/Desktop/PrograAvanzada/system/Database/MySQLi/Connection.php:185
Stack trace:
#0 /Users/emmanuel/Desktop/PrograAvanzada/system/Database/MySQLi/Connection.php(185): mysqli->real_connect('localhost', 'root', '', 'PA', 3306, '', 0)
#1 /Users/emmanuel/Desktop/PrograAvanzada/system/Database/BaseConnection.php(392): CodeIgniter\Database\MySQLi\Connection->connect(false)
#2 /Users/emmanuel/Desktop/PrograAvanzada/system/Database/BaseConnection.php(575): CodeIgniter\Database\BaseConnection->initialize()
#3 /Users/emmanuel/Desktop/PrograAvanzada/system/Database/BaseBuilder.php(1616): CodeIgniter\Database\BaseConnection->query('SELECT *\nFROM `...', Array, false)
#4 /Users/emmanuel/Desktop/PrograAvanzada/system/Model.php(242): CodeIgniter\Database\BaseBuilder->get()
#5 /Users/emmanuel/Desktop/PrograAvanzada/system/BaseModel.php(638): CodeIgniter\Model->doFindAll(0, 0)
#6 /Users/emmanuel/Desktop/PrograAvanzada/app/Controllers/ClimaController.php(16): CodeIgniter\BaseModel->findAll()
#7 /Users/emmanuel/Desktop/PrograAvanzada/system/CodeIgniter.php(941): App\Controllers\ClimaController->getClima()
#8 /Users/emmanuel/Desktop/PrograAvanzada/system/CodeIgniter.php(502): CodeIgniter\CodeIgniter->runController(Object(App\Controllers\ClimaController))
#9 /Users/emmanuel/Desktop/PrograAvanzada/system/CodeIgniter.php(361): CodeIgniter\CodeIgniter->handleRequest(NULL, Object(Config\Cache), false)
#10 /Users/emmanuel/Desktop/PrograAvanzada/public/index.php(79): CodeIgniter\CodeIgniter->run()
#11 /Users/emmanuel/Desktop/PrograAvanzada/system/Commands/Server/rewrite.php(47): require_once('/Users/emmanuel...')
#12 {main}

Next CodeIgniter\Database\Exceptions\DatabaseException: No such file or directory in /Users/emmanuel/Desktop/PrograAvanzada/system/Database/MySQLi/Connection.php:229
Stack trace:
#0 /Users/emmanuel/Desktop/PrograAvanzada/system/Database/BaseConnection.php(392): CodeIgniter\Database\MySQLi\Connection->connect(false)
#1 /Users/emmanuel/Desktop/PrograAvanzada/system/Database/BaseConnection.php(575): CodeIgniter\Database\BaseConnection->initialize()
#2 /Users/emmanuel/Desktop/PrograAvanzada/system/Database/BaseBuilder.php(1616): CodeIgniter\Database\BaseConnection->query('SELECT *\nFROM `...', Array, false)
#3 /Users/emmanuel/Desktop/PrograAvanzada/system/Model.php(242): CodeIgniter\Database\BaseBuilder->get()
#4 /Users/emmanuel/Desktop/PrograAvanzada/system/BaseModel.php(638): CodeIgniter\Model->doFindAll(0, 0)
#5 /Users/emmanuel/Desktop/PrograAvanzada/app/Controllers/ClimaController.php(16): CodeIgniter\BaseModel->findAll()
#6 /Users/emmanuel/Desktop/PrograAvanzada/system/CodeIgniter.php(941): App\Controllers\ClimaController->getClima()
#7 /Users/emmanuel/Desktop/PrograAvanzada/system/CodeIgniter.php(502): CodeIgniter\CodeIgniter->runController(Object(App\Controllers\ClimaController))
#8 /Users/emmanuel/Desktop/PrograAvanzada/system/CodeIgniter.php(361): CodeIgniter\CodeIgniter->handleRequest(NULL, Object(Config\Cache), false)
#9 /Users/emmanuel/Desktop/PrograAvanzada/public/index.php(79): CodeIgniter\CodeIgniter->run()
#10 /Users/emmanuel/Desktop/PrograAvanzada/system/Commands/Server/rewrite.php(47): require_once('/Users/emmanuel...')
#11 {main}
CRITICAL - 2024-02-13 21:07:50 --> CodeIgniter\Database\Exceptions\DatabaseException: Unable to connect to the database.
Main connection [MySQLi]: No such file or directory
in SYSTEMPATH/Database/BaseConnection.php on line 428.
 1 SYSTEMPATH/Database/BaseConnection.php(575): CodeIgniter\Database\BaseConnection->initialize()
 2 SYSTEMPATH/Database/BaseBuilder.php(1616): CodeIgniter\Database\BaseConnection->query('SELECT *
FROM `Clima`', [], false)
 3 SYSTEMPATH/Model.php(242): CodeIgniter\Database\BaseBuilder->get()
 4 SYSTEMPATH/BaseModel.php(638): CodeIgniter\Model->doFindAll(0, 0)
 5 APPPATH/Controllers/ClimaController.php(16): CodeIgniter\BaseModel->findAll()
 6 SYSTEMPATH/CodeIgniter.php(941): App\Controllers\ClimaController->getClima()
 7 SYSTEMPATH/CodeIgniter.php(502): CodeIgniter\CodeIgniter->runController(Object(App\Controllers\ClimaController))
 8 SYSTEMPATH/CodeIgniter.php(361): CodeIgniter\CodeIgniter->handleRequest(null, Object(Config\Cache), false)
 9 FCPATH/index.php(79): CodeIgniter\CodeIgniter->run()
10 SYSTEMPATH/Commands/Server/rewrite.php(47): require_once('/Users/emmanuel/Desktop/PrograAvanzada/public/index.php')
ERROR - 2024-02-13 21:07:51 --> Error connecting to the database: mysqli_sql_exception: No such file or directory in /Users/emmanuel/Desktop/PrograAvanzada/system/Database/MySQLi/Connection.php:185
Stack trace:
#0 /Users/emmanuel/Desktop/PrograAvanzada/system/Database/MySQLi/Connection.php(185): mysqli->real_connect('localhost', 'root', '', 'PA', 3306, '', 0)
#1 /Users/emmanuel/Desktop/PrograAvanzada/system/Database/BaseConnection.php(392): CodeIgniter\Database\MySQLi\Connection->connect(false)
#2 /Users/emmanuel/Desktop/PrograAvanzada/system/Database/BaseConnection.php(575): CodeIgniter\Database\BaseConnection->initialize()
#3 /Users/emmanuel/Desktop/PrograAvanzada/system/Database/BaseBuilder.php(1616): CodeIgniter\Database\BaseConnection->query('SELECT *\nFROM `...', Array, false)
#4 /Users/emmanuel/Desktop/PrograAvanzada/system/Model.php(242): CodeIgniter\Database\BaseBuilder->get()
#5 /Users/emmanuel/Desktop/PrograAvanzada/system/BaseModel.php(638): CodeIgniter\Model->doFindAll(0, 0)
#6 /Users/emmanuel/Desktop/PrograAvanzada/app/Controllers/ClimaController.php(16): CodeIgniter\BaseModel->findAll()
#7 /Users/emmanuel/Desktop/PrograAvanzada/system/CodeIgniter.php(941): App\Controllers\ClimaController->getClima()
#8 /Users/emmanuel/Desktop/PrograAvanzada/system/CodeIgniter.php(502): CodeIgniter\CodeIgniter->runController(Object(App\Controllers\ClimaController))
#9 /Users/emmanuel/Desktop/PrograAvanzada/system/CodeIgniter.php(361): CodeIgniter\CodeIgniter->handleRequest(NULL, Object(Config\Cache), false)
#10 /Users/emmanuel/Desktop/PrograAvanzada/public/index.php(79): CodeIgniter\CodeIgniter->run()
#11 /Users/emmanuel/Desktop/PrograAvanzada/system/Commands/Server/rewrite.php(47): require_once('/Users/emmanuel...')
#12 {main}

Next CodeIgniter\Database\Exceptions\DatabaseException: No such file or directory in /Users/emmanuel/Desktop/PrograAvanzada/system/Database/MySQLi/Connection.php:229
Stack trace:
#0 /Users/emmanuel/Desktop/PrograAvanzada/system/Database/BaseConnection.php(392): CodeIgniter\Database\MySQLi\Connection->connect(false)
#1 /Users/emmanuel/Desktop/PrograAvanzada/system/Database/BaseConnection.php(575): CodeIgniter\Database\BaseConnection->initialize()
#2 /Users/emmanuel/Desktop/PrograAvanzada/system/Database/BaseBuilder.php(1616): CodeIgniter\Database\BaseConnection->query('SELECT *\nFROM `...', Array, false)
#3 /Users/emmanuel/Desktop/PrograAvanzada/system/Model.php(242): CodeIgniter\Database\BaseBuilder->get()
#4 /Users/emmanuel/Desktop/PrograAvanzada/system/BaseModel.php(638): CodeIgniter\Model->doFindAll(0, 0)
#5 /Users/emmanuel/Desktop/PrograAvanzada/app/Controllers/ClimaController.php(16): CodeIgniter\BaseModel->findAll()
#6 /Users/emmanuel/Desktop/PrograAvanzada/system/CodeIgniter.php(941): App\Controllers\ClimaController->getClima()
#7 /Users/emmanuel/Desktop/PrograAvanzada/system/CodeIgniter.php(502): CodeIgniter\CodeIgniter->runController(Object(App\Controllers\ClimaController))
#8 /Users/emmanuel/Desktop/PrograAvanzada/system/CodeIgniter.php(361): CodeIgniter\CodeIgniter->handleRequest(NULL, Object(Config\Cache), false)
#9 /Users/emmanuel/Desktop/PrograAvanzada/public/index.php(79): CodeIgniter\CodeIgniter->run()
#10 /Users/emmanuel/Desktop/PrograAvanzada/system/Commands/Server/rewrite.php(47): require_once('/Users/emmanuel...')
#11 {main}
CRITICAL - 2024-02-13 21:07:51 --> CodeIgniter\Database\Exceptions\DatabaseException: Unable to connect to the database.
Main connection [MySQLi]: No such file or directory
in SYSTEMPATH/Database/BaseConnection.php on line 428.
 1 SYSTEMPATH/Database/BaseConnection.php(575): CodeIgniter\Database\BaseConnection->initialize()
 2 SYSTEMPATH/Database/BaseBuilder.php(1616): CodeIgniter\Database\BaseConnection->query('SELECT *
FROM `Clima`', [], false)
 3 SYSTEMPATH/Model.php(242): CodeIgniter\Database\BaseBuilder->get()
 4 SYSTEMPATH/BaseModel.php(638): CodeIgniter\Model->doFindAll(0, 0)
 5 APPPATH/Controllers/ClimaController.php(16): CodeIgniter\BaseModel->findAll()
 6 SYSTEMPATH/CodeIgniter.php(941): App\Controllers\ClimaController->getClima()
 7 SYSTEMPATH/CodeIgniter.php(502): CodeIgniter\CodeIgniter->runController(Object(App\Controllers\ClimaController))
 8 SYSTEMPATH/CodeIgniter.php(361): CodeIgniter\CodeIgniter->handleRequest(null, Object(Config\Cache), false)
 9 FCPATH/index.php(79): CodeIgniter\CodeIgniter->run()
10 SYSTEMPATH/Commands/Server/rewrite.php(47): require_once('/Users/emmanuel/Desktop/PrograAvanzada/public/index.php')
ERROR - 2024-02-13 21:09:07 --> Error connecting to the database: mysqli_sql_exception: No such file or directory in /Users/emmanuel/Desktop/PrograAvanzada/system/Database/MySQLi/Connection.php:185
Stack trace:
#0 /Users/emmanuel/Desktop/PrograAvanzada/system/Database/MySQLi/Connection.php(185): mysqli->real_connect('localhost', 'root', '', 'PA', 3306, '', 0)
#1 /Users/emmanuel/Desktop/PrograAvanzada/system/Database/BaseConnection.php(392): CodeIgniter\Database\MySQLi\Connection->connect(false)
#2 /Users/emmanuel/Desktop/PrograAvanzada/system/Database/BaseConnection.php(575): CodeIgniter\Database\BaseConnection->initialize()
#3 /Users/emmanuel/Desktop/PrograAvanzada/system/Database/BaseBuilder.php(1616): CodeIgniter\Database\BaseConnection->query('SELECT *\nFROM `...', Array, false)
#4 /Users/emmanuel/Desktop/PrograAvanzada/system/Model.php(242): CodeIgniter\Database\BaseBuilder->get()
#5 /Users/emmanuel/Desktop/PrograAvanzada/system/BaseModel.php(638): CodeIgniter\Model->doFindAll(0, 0)
#6 /Users/emmanuel/Desktop/PrograAvanzada/app/Controllers/ClimaController.php(16): CodeIgniter\BaseModel->findAll()
#7 /Users/emmanuel/Desktop/PrograAvanzada/system/CodeIgniter.php(941): App\Controllers\ClimaController->getClima()
#8 /Users/emmanuel/Desktop/PrograAvanzada/system/CodeIgniter.php(502): CodeIgniter\CodeIgniter->runController(Object(App\Controllers\ClimaController))
#9 /Users/emmanuel/Desktop/PrograAvanzada/system/CodeIgniter.php(361): CodeIgniter\CodeIgniter->handleRequest(NULL, Object(Config\Cache), false)
#10 /Users/emmanuel/Desktop/PrograAvanzada/public/index.php(79): CodeIgniter\CodeIgniter->run()
#11 /Users/emmanuel/Desktop/PrograAvanzada/system/Commands/Server/rewrite.php(47): require_once('/Users/emmanuel...')
#12 {main}

Next CodeIgniter\Database\Exceptions\DatabaseException: No such file or directory in /Users/emmanuel/Desktop/PrograAvanzada/system/Database/MySQLi/Connection.php:229
Stack trace:
#0 /Users/emmanuel/Desktop/PrograAvanzada/system/Database/BaseConnection.php(392): CodeIgniter\Database\MySQLi\Connection->connect(false)
#1 /Users/emmanuel/Desktop/PrograAvanzada/system/Database/BaseConnection.php(575): CodeIgniter\Database\BaseConnection->initialize()
#2 /Users/emmanuel/Desktop/PrograAvanzada/system/Database/BaseBuilder.php(1616): CodeIgniter\Database\BaseConnection->query('SELECT *\nFROM `...', Array, false)
#3 /Users/emmanuel/Desktop/PrograAvanzada/system/Model.php(242): CodeIgniter\Database\BaseBuilder->get()
#4 /Users/emmanuel/Desktop/PrograAvanzada/system/BaseModel.php(638): CodeIgniter\Model->doFindAll(0, 0)
#5 /Users/emmanuel/Desktop/PrograAvanzada/app/Controllers/ClimaController.php(16): CodeIgniter\BaseModel->findAll()
#6 /Users/emmanuel/Desktop/PrograAvanzada/system/CodeIgniter.php(941): App\Controllers\ClimaController->getClima()
#7 /Users/emmanuel/Desktop/PrograAvanzada/system/CodeIgniter.php(502): CodeIgniter\CodeIgniter->runController(Object(App\Controllers\ClimaController))
#8 /Users/emmanuel/Desktop/PrograAvanzada/system/CodeIgniter.php(361): CodeIgniter\CodeIgniter->handleRequest(NULL, Object(Config\Cache), false)
#9 /Users/emmanuel/Desktop/PrograAvanzada/public/index.php(79): CodeIgniter\CodeIgniter->run()
#10 /Users/emmanuel/Desktop/PrograAvanzada/system/Commands/Server/rewrite.php(47): require_once('/Users/emmanuel...')
#11 {main}
CRITICAL - 2024-02-13 21:09:07 --> CodeIgniter\Database\Exceptions\DatabaseException: Unable to connect to the database.
Main connection [MySQLi]: No such file or directory
in SYSTEMPATH/Database/BaseConnection.php on line 428.
 1 SYSTEMPATH/Database/BaseConnection.php(575): CodeIgniter\Database\BaseConnection->initialize()
 2 SYSTEMPATH/Database/BaseBuilder.php(1616): CodeIgniter\Database\BaseConnection->query('SELECT *
FROM `Clima`', [], false)
 3 SYSTEMPATH/Model.php(242): CodeIgniter\Database\BaseBuilder->get()
 4 SYSTEMPATH/BaseModel.php(638): CodeIgniter\Model->doFindAll(0, 0)
 5 APPPATH/Controllers/ClimaController.php(16): CodeIgniter\BaseModel->findAll()
 6 SYSTEMPATH/CodeIgniter.php(941): App\Controllers\ClimaController->getClima()
 7 SYSTEMPATH/CodeIgniter.php(502): CodeIgniter\CodeIgniter->runController(Object(App\Controllers\ClimaController))
 8 SYSTEMPATH/CodeIgniter.php(361): CodeIgniter\CodeIgniter->handleRequest(null, Object(Config\Cache), false)
 9 FCPATH/index.php(79): CodeIgniter\CodeIgniter->run()
10 SYSTEMPATH/Commands/Server/rewrite.php(47): require_once('/Users/emmanuel/Desktop/PrograAvanzada/public/index.php')
ERROR - 2024-02-13 21:09:08 --> Error connecting to the database: mysqli_sql_exception: No such file or directory in /Users/emmanuel/Desktop/PrograAvanzada/system/Database/MySQLi/Connection.php:185
Stack trace:
#0 /Users/emmanuel/Desktop/PrograAvanzada/system/Database/MySQLi/Connection.php(185): mysqli->real_connect('localhost', 'root', '', 'PA', 3306, '', 0)
#1 /Users/emmanuel/Desktop/PrograAvanzada/system/Database/BaseConnection.php(392): CodeIgniter\Database\MySQLi\Connection->connect(false)
#2 /Users/emmanuel/Desktop/PrograAvanzada/system/Database/BaseConnection.php(575): CodeIgniter\Database\BaseConnection->initialize()
#3 /Users/emmanuel/Desktop/PrograAvanzada/system/Database/BaseBuilder.php(1616): CodeIgniter\Database\BaseConnection->query('SELECT *\nFROM `...', Array, false)
#4 /Users/emmanuel/Desktop/PrograAvanzada/system/Model.php(242): CodeIgniter\Database\BaseBuilder->get()
#5 /Users/emmanuel/Desktop/PrograAvanzada/system/BaseModel.php(638): CodeIgniter\Model->doFindAll(0, 0)
#6 /Users/emmanuel/Desktop/PrograAvanzada/app/Controllers/ClimaController.php(16): CodeIgniter\BaseModel->findAll()
#7 /Users/emmanuel/Desktop/PrograAvanzada/system/CodeIgniter.php(941): App\Controllers\ClimaController->getClima()
#8 /Users/emmanuel/Desktop/PrograAvanzada/system/CodeIgniter.php(502): CodeIgniter\CodeIgniter->runController(Object(App\Controllers\ClimaController))
#9 /Users/emmanuel/Desktop/PrograAvanzada/system/CodeIgniter.php(361): CodeIgniter\CodeIgniter->handleRequest(NULL, Object(Config\Cache), false)
#10 /Users/emmanuel/Desktop/PrograAvanzada/public/index.php(79): CodeIgniter\CodeIgniter->run()
#11 /Users/emmanuel/Desktop/PrograAvanzada/system/Commands/Server/rewrite.php(47): require_once('/Users/emmanuel...')
#12 {main}

Next CodeIgniter\Database\Exceptions\DatabaseException: No such file or directory in /Users/emmanuel/Desktop/PrograAvanzada/system/Database/MySQLi/Connection.php:229
Stack trace:
#0 /Users/emmanuel/Desktop/PrograAvanzada/system/Database/BaseConnection.php(392): CodeIgniter\Database\MySQLi\Connection->connect(false)
#1 /Users/emmanuel/Desktop/PrograAvanzada/system/Database/BaseConnection.php(575): CodeIgniter\Database\BaseConnection->initialize()
#2 /Users/emmanuel/Desktop/PrograAvanzada/system/Database/BaseBuilder.php(1616): CodeIgniter\Database\BaseConnection->query('SELECT *\nFROM `...', Array, false)
#3 /Users/emmanuel/Desktop/PrograAvanzada/system/Model.php(242): CodeIgniter\Database\BaseBuilder->get()
#4 /Users/emmanuel/Desktop/PrograAvanzada/system/BaseModel.php(638): CodeIgniter\Model->doFindAll(0, 0)
#5 /Users/emmanuel/Desktop/PrograAvanzada/app/Controllers/ClimaController.php(16): CodeIgniter\BaseModel->findAll()
#6 /Users/emmanuel/Desktop/PrograAvanzada/system/CodeIgniter.php(941): App\Controllers\ClimaController->getClima()
#7 /Users/emmanuel/Desktop/PrograAvanzada/system/CodeIgniter.php(502): CodeIgniter\CodeIgniter->runController(Object(App\Controllers\ClimaController))
#8 /Users/emmanuel/Desktop/PrograAvanzada/system/CodeIgniter.php(361): CodeIgniter\CodeIgniter->handleRequest(NULL, Object(Config\Cache), false)
#9 /Users/emmanuel/Desktop/PrograAvanzada/public/index.php(79): CodeIgniter\CodeIgniter->run()
#10 /Users/emmanuel/Desktop/PrograAvanzada/system/Commands/Server/rewrite.php(47): require_once('/Users/emmanuel...')
#11 {main}
CRITICAL - 2024-02-13 21:09:08 --> CodeIgniter\Database\Exceptions\DatabaseException: Unable to connect to the database.
Main connection [MySQLi]: No such file or directory
in SYSTEMPATH/Database/BaseConnection.php on line 428.
 1 SYSTEMPATH/Database/BaseConnection.php(575): CodeIgniter\Database\BaseConnection->initialize()
 2 SYSTEMPATH/Database/BaseBuilder.php(1616): CodeIgniter\Database\BaseConnection->query('SELECT *
FROM `Clima`', [], false)
 3 SYSTEMPATH/Model.php(242): CodeIgniter\Database\BaseBuilder->get()
 4 SYSTEMPATH/BaseModel.php(638): CodeIgniter\Model->doFindAll(0, 0)
 5 APPPATH/Controllers/ClimaController.php(16): CodeIgniter\BaseModel->findAll()
 6 SYSTEMPATH/CodeIgniter.php(941): App\Controllers\ClimaController->getClima()
 7 SYSTEMPATH/CodeIgniter.php(502): CodeIgniter\CodeIgniter->runController(Object(App\Controllers\ClimaController))
 8 SYSTEMPATH/CodeIgniter.php(361): CodeIgniter\CodeIgniter->handleRequest(null, Object(Config\Cache), false)
 9 FCPATH/index.php(79): CodeIgniter\CodeIgniter->run()
10 SYSTEMPATH/Commands/Server/rewrite.php(47): require_once('/Users/emmanuel/Desktop/PrograAvanzada/public/index.php')
