ERROR - 2024-02-16 21:27:25 --> mysqli_sql_exception: Column 'ciudad' cannot be null in /Users/emmanuel/Desktop/PrograAvanzada/system/Database/MySQLi/Connection.php:306
Stack trace:
#0 /Users/emmanuel/Desktop/PrograAvanzada/system/Database/MySQLi/Connection.php(306): mysqli->query('INSERT INTO `Ci...', 0)
#1 /Users/emmanuel/Desktop/PrograAvanzada/system/Database/BaseConnection.php(693): CodeIgniter\Database\MySQLi\Connection->execute('INSERT INTO `Ci...')
#2 /Users/emmanuel/Desktop/PrograAvanzada/system/Database/BaseConnection.php(607): CodeIgniter\Database\BaseConnection->simpleQuery('INSERT INTO `Ci...')
#3 /Users/emmanuel/Desktop/PrograAvanzada/system/Database/BaseBuilder.php(2307): CodeIgniter\Database\BaseConnection->query('INSERT INTO `Ci...', Array, false)
#4 /Users/emmanuel/Desktop/PrograAvanzada/system/Model.php(326): CodeIgniter\Database\BaseBuilder->insert()
#5 /Users/emmanuel/Desktop/PrograAvanzada/system/BaseModel.php(802): CodeIgniter\Model->doInsert(Array)
#6 /Users/emmanuel/Desktop/PrograAvanzada/system/Model.php(744): CodeIgniter\BaseModel->insert(Array, false)
#7 /Users/emmanuel/Desktop/PrograAvanzada/app/Controllers/CiudadController.php(30): CodeIgniter\Model->insert(Array, false)
#8 /Users/emmanuel/Desktop/PrograAvanzada/system/CodeIgniter.php(941): App\Controllers\CiudadController->postCiudad()
#9 /Users/emmanuel/Desktop/PrograAvanzada/system/CodeIgniter.php(502): CodeIgniter\CodeIgniter->runController(Object(App\Controllers\CiudadController))
#10 /Users/emmanuel/Desktop/PrograAvanzada/system/CodeIgniter.php(361): CodeIgniter\CodeIgniter->handleRequest(NULL, Object(Config\Cache), false)
#11 /Users/emmanuel/Desktop/PrograAvanzada/public/index.php(79): CodeIgniter\CodeIgniter->run()
#12 /Users/emmanuel/Desktop/PrograAvanzada/system/Commands/Server/rewrite.php(47): require_once('/Users/emmanuel...')
#13 {main}
CRITICAL - 2024-02-16 21:27:25 --> CodeIgniter\Database\Exceptions\DatabaseException: Column 'ciudad' cannot be null
in SYSTEMPATH/Database/BaseConnection.php on line 647.
 1 SYSTEMPATH/Database/BaseBuilder.php(2307): CodeIgniter\Database\BaseConnection->query('INSERT INTO `Ciudad` (`ciudad`, `abreviatura`, `created_at`, `updated_at`) VALUES (:ciudad:, :abreviatura:, :created_at:, :updated_at:)', [...], false)
 2 SYSTEMPATH/Model.php(326): CodeIgniter\Database\BaseBuilder->insert()
 3 SYSTEMPATH/BaseModel.php(802): CodeIgniter\Model->doInsert([...])
 4 SYSTEMPATH/Model.php(744): CodeIgniter\BaseModel->insert([...], false)
 5 APPPATH/Controllers/CiudadController.php(30): CodeIgniter\Model->insert([...], false)
 6 SYSTEMPATH/CodeIgniter.php(941): App\Controllers\CiudadController->postCiudad()
 7 SYSTEMPATH/CodeIgniter.php(502): CodeIgniter\CodeIgniter->runController(Object(App\Controllers\CiudadController))
 8 SYSTEMPATH/CodeIgniter.php(361): CodeIgniter\CodeIgniter->handleRequest(null, Object(Config\Cache), false)
 9 FCPATH/index.php(79): CodeIgniter\CodeIgniter->run()
10 SYSTEMPATH/Commands/Server/rewrite.php(47): require_once('/Users/emmanuel/Desktop/PrograAvanzada/public/index.php')
CRITICAL - 2024-02-16 21:27:25 --> [Caused by] CodeIgniter\Database\Exceptions\DatabaseException: Column 'ciudad' cannot be null
in SYSTEMPATH/Database/MySQLi/Connection.php on line 311.
 1 SYSTEMPATH/Database/BaseConnection.php(693): CodeIgniter\Database\MySQLi\Connection->execute('INSERT INTO `Ciudad` (`ciudad`, `abreviatura`, `created_at`, `updated_at`) VALUES (NULL, NULL, \'2024-02-16 21:27:25\', \'2024-02-16 21:27:25\')')
 2 SYSTEMPATH/Database/BaseConnection.php(607): CodeIgniter\Database\BaseConnection->simpleQuery('INSERT INTO `Ciudad` (`ciudad`, `abreviatura`, `created_at`, `updated_at`) VALUES (NULL, NULL, \'2024-02-16 21:27:25\', \'2024-02-16 21:27:25\')')
 3 SYSTEMPATH/Database/BaseBuilder.php(2307): CodeIgniter\Database\BaseConnection->query('INSERT INTO `Ciudad` (`ciudad`, `abreviatura`, `created_at`, `updated_at`) VALUES (:ciudad:, :abreviatura:, :created_at:, :updated_at:)', [...], false)
 4 SYSTEMPATH/Model.php(326): CodeIgniter\Database\BaseBuilder->insert()
 5 SYSTEMPATH/BaseModel.php(802): CodeIgniter\Model->doInsert([...])
 6 SYSTEMPATH/Model.php(744): CodeIgniter\BaseModel->insert([...], false)
 7 APPPATH/Controllers/CiudadController.php(30): CodeIgniter\Model->insert([...], false)
 8 SYSTEMPATH/CodeIgniter.php(941): App\Controllers\CiudadController->postCiudad()
 9 SYSTEMPATH/CodeIgniter.php(502): CodeIgniter\CodeIgniter->runController(Object(App\Controllers\CiudadController))
10 SYSTEMPATH/CodeIgniter.php(361): CodeIgniter\CodeIgniter->handleRequest(null, Object(Config\Cache), false)
11 FCPATH/index.php(79): CodeIgniter\CodeIgniter->run()
12 SYSTEMPATH/Commands/Server/rewrite.php(47): require_once('/Users/emmanuel/Desktop/PrograAvanzada/public/index.php')
CRITICAL - 2024-02-16 21:27:25 --> [Caused by] mysqli_sql_exception: Column 'ciudad' cannot be null
in SYSTEMPATH/Database/MySQLi/Connection.php on line 306.
 1 SYSTEMPATH/Database/MySQLi/Connection.php(306): mysqli->query('INSERT INTO `Ciudad` (`ciudad`, `abreviatura`, `created_at`, `updated_at`) VALUES (NULL, NULL, \'2024-02-16 21:27:25\', \'2024-02-16 21:27:25\')', 0)
 2 SYSTEMPATH/Database/BaseConnection.php(693): CodeIgniter\Database\MySQLi\Connection->execute('INSERT INTO `Ciudad` (`ciudad`, `abreviatura`, `created_at`, `updated_at`) VALUES (NULL, NULL, \'2024-02-16 21:27:25\', \'2024-02-16 21:27:25\')')
 3 SYSTEMPATH/Database/BaseConnection.php(607): CodeIgniter\Database\BaseConnection->simpleQuery('INSERT INTO `Ciudad` (`ciudad`, `abreviatura`, `created_at`, `updated_at`) VALUES (NULL, NULL, \'2024-02-16 21:27:25\', \'2024-02-16 21:27:25\')')
 4 SYSTEMPATH/Database/BaseBuilder.php(2307): CodeIgniter\Database\BaseConnection->query('INSERT INTO `Ciudad` (`ciudad`, `abreviatura`, `created_at`, `updated_at`) VALUES (:ciudad:, :abreviatura:, :created_at:, :updated_at:)', [...], false)
 5 SYSTEMPATH/Model.php(326): CodeIgniter\Database\BaseBuilder->insert()
 6 SYSTEMPATH/BaseModel.php(802): CodeIgniter\Model->doInsert([...])
 7 SYSTEMPATH/Model.php(744): CodeIgniter\BaseModel->insert([...], false)
 8 APPPATH/Controllers/CiudadController.php(30): CodeIgniter\Model->insert([...], false)
 9 SYSTEMPATH/CodeIgniter.php(941): App\Controllers\CiudadController->postCiudad()
10 SYSTEMPATH/CodeIgniter.php(502): CodeIgniter\CodeIgniter->runController(Object(App\Controllers\CiudadController))
11 SYSTEMPATH/CodeIgniter.php(361): CodeIgniter\CodeIgniter->handleRequest(null, Object(Config\Cache), false)
12 FCPATH/index.php(79): CodeIgniter\CodeIgniter->run()
13 SYSTEMPATH/Commands/Server/rewrite.php(47): require_once('/Users/emmanuel/Desktop/PrograAvanzada/public/index.php')
CRITICAL - 2024-02-16 21:28:10 --> ErrorException: Undefined array key "ciudad"
in APPPATH/Controllers/CiudadController.php on line 24.
 1 APPPATH/Controllers/CiudadController.php(24): CodeIgniter\Debug\Exceptions->errorHandler(2, 'Undefined array key "ciudad"', '/Users/emmanuel/Desktop/PrograAvanzada/app/Controllers/CiudadController.php', 24)
 2 SYSTEMPATH/CodeIgniter.php(941): App\Controllers\CiudadController->postCiudad()
 3 SYSTEMPATH/CodeIgniter.php(502): CodeIgniter\CodeIgniter->runController(Object(App\Controllers\CiudadController))
 4 SYSTEMPATH/CodeIgniter.php(361): CodeIgniter\CodeIgniter->handleRequest(null, Object(Config\Cache), false)
 5 FCPATH/index.php(79): CodeIgniter\CodeIgniter->run()
 6 SYSTEMPATH/Commands/Server/rewrite.php(47): require_once('/Users/emmanuel/Desktop/PrograAvanzada/public/index.php')
